[debug] [2017-11-07T11:50:22.909Z] ----------------------------------------------------------------------
[debug] [2017-11-07T11:50:22.911Z] Command:       /Users/Arne/.nvm/versions/node/v7.1.0/bin/node /Users/Arne/.nvm/versions/node/v7.1.0/bin/firebase serve
[debug] [2017-11-07T11:50:22.912Z] CLI Version:   3.14.0
[debug] [2017-11-07T11:50:22.912Z] Platform:      darwin
[debug] [2017-11-07T11:50:22.912Z] Node Version:  v7.1.0
[debug] [2017-11-07T11:50:22.912Z] Time:          Tue Nov 07 2017 12:50:22 GMT+0100 (CET)
[debug] [2017-11-07T11:50:22.912Z] ----------------------------------------------------------------------
[debug] 
[debug] [2017-11-07T11:50:22.921Z] > command requires scopes: ["email","openid","https://www.googleapis.com/auth/cloudplatformprojects.readonly","https://www.googleapis.com/auth/firebase","https://www.googleapis.com/auth/cloud-platform"]
[debug] [2017-11-07T11:50:22.922Z] > authorizing via signed-in user
[debug] [2017-11-07T11:50:22.923Z] > refreshing access token with scopes: ["email","https://www.googleapis.com/auth/cloud-platform","https://www.googleapis.com/auth/cloudplatformprojects.readonly","https://www.googleapis.com/auth/firebase","openid"]
[debug] [2017-11-07T11:50:22.924Z] >>> HTTP REQUEST POST https://www.googleapis.com/oauth2/v3/token { refresh_token: '1/IwV7PAba8air5zLKkT2ND7ktvEHNbnlp1VdsgtkOUWY',
  client_id: '563584335869-fgrhgmd47bqnekij5i8b5pr03ho849e6.apps.googleusercontent.com',
  client_secret: 'j9iVZfS8kkCEFUPaAeJV0sAi',
  grant_type: 'refresh_token',
  scope: 'email https://www.googleapis.com/auth/cloud-platform https://www.googleapis.com/auth/cloudplatformprojects.readonly https://www.googleapis.com/auth/firebase openid' } 
 Tue Nov 07 2017 12:50:22 GMT+0100 (CET)
[debug] [2017-11-07T11:50:23.019Z] <<< HTTP RESPONSE 200
[debug] [2017-11-07T11:50:23.021Z] >>> HTTP REQUEST GET https://admin.firebase.com/v1/projects/dopewars-go  
 Tue Nov 07 2017 12:50:23 GMT+0100 (CET)
[debug] [2017-11-07T11:50:23.899Z] <<< HTTP RESPONSE 200
[debug] [2017-11-07T11:50:23.900Z] >>> HTTP REQUEST GET https://admin.firebase.com/v1/database/dopewars-go/tokens  
 Tue Nov 07 2017 12:50:23 GMT+0100 (CET)
[debug] [2017-11-07T11:50:24.492Z] <<< HTTP RESPONSE 200
[info] 
[info] === Serving from '/Users/Arne/Sites/dopewarsGO/dist'...
[info] 
[debug] [2017-11-07T11:50:24.494Z] >>> HTTP REQUEST GET https://cloudresourcemanager.googleapis.com/v1/projects/dopewars-go  
 Tue Nov 07 2017 12:50:24 GMT+0100 (CET)
[debug] [2017-11-07T11:50:25.152Z] <<< HTTP RESPONSE 200
[debug] [2017-11-07T11:50:25.153Z] >>> HTTP REQUEST GET https://mobilesdk-pa.googleapis.com/v1/projects/532369668543/clients/_:getWebAppConfig  
 Tue Nov 07 2017 12:50:25 GMT+0100 (CET)
[debug] [2017-11-07T11:50:26.016Z] <<< HTTP RESPONSE 200
[debug] [2017-11-07T11:50:26.030Z] TypeError: Cannot read property 'public' of undefined
    at Server.<anonymous> (/Users/Arne/.nvm/versions/node/v7.1.0/lib/node_modules/firebase-tools/lib/serve/hosting.js:34:17)
    at Server.g (events.js:292:16)
    at emitNone (events.js:86:13)
    at Server.emit (events.js:185:7)
    at emitListeningNT (net.js:1288:10)
    at _combinedTickCallback (internal/process/next_tick.js:71:11)
    at process._tickDomainCallback (internal/process/next_tick.js:122:9)
[error] 
[error] Error: An unexpected error has occurred.
[debug] [2017-11-07T11:50:50.619Z] ----------------------------------------------------------------------
[debug] [2017-11-07T11:50:50.621Z] Command:       /Users/Arne/.nvm/versions/node/v7.1.0/bin/node /Users/Arne/.nvm/versions/node/v7.1.0/bin/firebase serve
[debug] [2017-11-07T11:50:50.621Z] CLI Version:   3.14.0
[debug] [2017-11-07T11:50:50.621Z] Platform:      darwin
[debug] [2017-11-07T11:50:50.621Z] Node Version:  v7.1.0
[debug] [2017-11-07T11:50:50.622Z] Time:          Tue Nov 07 2017 12:50:50 GMT+0100 (CET)
[debug] [2017-11-07T11:50:50.622Z] ----------------------------------------------------------------------
[debug] 
[debug] [2017-11-07T11:50:50.633Z] > command requires scopes: ["email","openid","https://www.googleapis.com/auth/cloudplatformprojects.readonly","https://www.googleapis.com/auth/firebase","https://www.googleapis.com/auth/cloud-platform"]
[debug] [2017-11-07T11:50:50.633Z] > authorizing via signed-in user
[debug] [2017-11-07T11:50:50.635Z] >>> HTTP REQUEST GET https://admin.firebase.com/v1/projects/dopewars-go  
 Tue Nov 07 2017 12:50:50 GMT+0100 (CET)
[debug] [2017-11-07T11:50:51.239Z] <<< HTTP RESPONSE 200
[debug] [2017-11-07T11:50:51.240Z] >>> HTTP REQUEST GET https://admin.firebase.com/v1/database/dopewars-go/tokens  
 Tue Nov 07 2017 12:50:51 GMT+0100 (CET)
[debug] [2017-11-07T11:50:51.752Z] <<< HTTP RESPONSE 200
[info] 
[info] === Serving from '/Users/Arne/Sites/dopewarsGO/dist'...
[info] 
[debug] [2017-11-07T11:50:51.754Z] >>> HTTP REQUEST GET https://cloudresourcemanager.googleapis.com/v1/projects/dopewars-go  
 Tue Nov 07 2017 12:50:51 GMT+0100 (CET)
[debug] [2017-11-07T11:50:52.519Z] <<< HTTP RESPONSE 200
[debug] [2017-11-07T11:50:52.519Z] >>> HTTP REQUEST GET https://mobilesdk-pa.googleapis.com/v1/projects/532369668543/clients/_:getWebAppConfig  
 Tue Nov 07 2017 12:50:52 GMT+0100 (CET)
[debug] [2017-11-07T11:50:53.353Z] <<< HTTP RESPONSE 200
[info] i  hosting: Serving hosting files from: ./
[info] ✔  hosting: Local server: http://localhost:5000

